0 verbose cli /usr/bin/node /usr/bin/npm
1 info using npm@10.2.3
2 info using node@v18.19.0
3 timing npm:load:whichnode Completed in 3ms
4 timing config:load:defaults Completed in 3ms
5 timing config:load:file:/usr/lib/node_modules/npm/npmrc Completed in 15ms
6 timing config:load:builtin Completed in 17ms
7 timing config:load:cli Completed in 3ms
8 timing config:load:env Completed in 1ms
9 timing config:load:project Completed in 9ms
10 timing config:load:file:/home/yc-user/.npmrc Completed in 0ms
11 timing config:load:user Completed in 0ms
12 timing config:load:file:/usr/etc/npmrc Completed in 0ms
13 timing config:load:global Completed in 0ms
14 timing config:load:setEnvs Completed in 1ms
15 timing config:load Completed in 35ms
16 timing npm:load:configload Completed in 36ms
17 timing config:load:flatten Completed in 4ms
18 timing npm:load:mkdirpcache Completed in 0ms
19 timing npm:load:mkdirplogs Completed in 0ms
20 verbose title npm run build
21 verbose argv "run" "build"
22 timing npm:load:setTitle Completed in 2ms
23 timing npm:load:display Completed in 1ms
24 verbose logfile logs-max:10 dir:/home/yc-user/.npm/_logs/2024-01-11T09_47_33_431Z-
25 verbose logfile /home/yc-user/.npm/_logs/2024-01-11T09_47_33_431Z-debug-0.log
26 timing npm:load:logFile Completed in 14ms
27 timing npm:load:timers Completed in 0ms
28 timing npm:load:configScope Completed in 0ms
29 timing npm:load Completed in 91ms
30 timing command:run Completed in 11ms
31 verbose stack Error: Could not read package.json: Error: ENOENT: no such file or directory, open '/home/yc-user/package.json'
32 verbose cwd /home/yc-user
33 verbose Linux 5.15.0-46-generic
34 verbose node v18.19.0
35 verbose npm  v10.2.3
36 error code ENOENT
37 error syscall open
38 error path /home/yc-user/package.json
39 error errno -2
40 error enoent Could not read package.json: Error: ENOENT: no such file or directory, open '/home/yc-user/package.json'
41 error enoent This is related to npm not being able to find a file.
41 error enoent
42 verbose exit -2
43 timing npm Completed in 182ms
44 verbose code -2
45 error A complete log of this run can be found in: /home/yc-user/.npm/_logs/2024-01-11T09_47_33_431Z-debug-0.log
